2025-11-08 22:30:48 - === START UPLOAD PROCESS ===
2025-11-08 22:30:48 - POST data: Array
(
    [project_id] => 13
    [project_name] => Dustore
)

2025-11-08 22:30:48 - FILES data: Array
(
    [game_zip] => Array
        (
            [name] => jq-3d-flip-book.zip
            [full_path] => jq-3d-flip-book.zip
            [type] => application/x-zip-compressed
            [tmp_name] => C:\xampp\tmp\php9322.tmp
            [error] => 0
            [size] => 23999818
        )

)

2025-11-08 22:30:48 - User authorized: 5
2025-11-08 22:30:48 - Project ID: 13, Project Name: Dustore
2025-11-08 22:30:48 - Progress: 5% - Checking project...
2025-11-08 22:30:48 - Project found: Dustore
2025-11-08 22:30:48 - Progress: 10% - Checking uploaded file...
2025-11-08 22:30:48 - File info: Array
(
    [name] => jq-3d-flip-book.zip
    [full_path] => jq-3d-flip-book.zip
    [type] => application/x-zip-compressed
    [tmp_name] => C:\xampp\tmp\php9322.tmp
    [error] => 0
    [size] => 23999818
)

2025-11-08 22:30:48 - Progress: 20% - Validating file type...
2025-11-08 22:30:48 - MIME type: application/zip, Extension: zip
2025-11-08 22:30:48 - Is ZIP MIME: YES, Is ZIP extension: YES
2025-11-08 22:30:48 - Progress: 25% - Testing ZIP archive...
2025-11-08 22:30:48 - Progress: 30% - Checking file size...
2025-11-08 22:30:48 - File validation passed - Size: 23999818 bytes
2025-11-08 22:30:48 - Progress: 40% - Getting organization info...
2025-11-08 22:30:48 - Organization: CrazyProjectsLab
2025-11-08 22:30:48 - S3 path: CrazyProjectsLab/Dustore/game-690fb688e555b.zip
2025-11-08 22:30:48 - Progress: 50% - Preparing S3 upload...
2025-11-08 22:30:48 - Progress: 60% - Uploading to S3...
2025-11-08 22:30:48 - Starting S3 upload...
2025-11-08 22:31:22 - S3 upload successful: https://s3.regru.cloud/dustore.public.usercontent/CrazyProjectsLab/Dustore/game-690fb688e555b.zip
2025-11-08 22:31:22 - Progress: 80% - Updating database...
2025-11-08 22:31:22 - Database updated successfully
2025-11-08 22:31:22 - Progress: 100% - Upload complete!
2025-11-08 22:31:22 - Result: SUCCESS - ZIP archive successfully uploaded
2025-11-08 22:33:06 - === START UPLOAD PROCESS ===
2025-11-08 22:33:06 - POST data: Array
(
    [project_id] => 13
    [project_name] => Dustore
)

2025-11-08 22:33:06 - FILES data: Array
(
    [game_zip] => Array
        (
            [name] => freedoom-0.13.0.zip
            [full_path] => freedoom-0.13.0.zip
            [type] => application/x-zip-compressed
            [tmp_name] => C:\xampp\tmp\phpAC9D.tmp
            [error] => 0
            [size] => 24143781
        )

)

2025-11-08 22:33:06 - User authorized: 5
2025-11-08 22:33:06 - Project ID: 13, Project Name: Dustore
2025-11-08 22:33:06 - Progress: 5% - Checking project...
2025-11-08 22:33:06 - Project found: Dustore
2025-11-08 22:33:06 - Progress: 10% - Checking uploaded file...
2025-11-08 22:33:06 - File info: Array
(
    [name] => freedoom-0.13.0.zip
    [full_path] => freedoom-0.13.0.zip
    [type] => application/x-zip-compressed
    [tmp_name] => C:\xampp\tmp\phpAC9D.tmp
    [error] => 0
    [size] => 24143781
)

2025-11-08 22:33:06 - Progress: 20% - Validating file type...
2025-11-08 22:33:06 - MIME type: application/zip, Extension: zip
2025-11-08 22:33:06 - Is ZIP MIME: YES, Is ZIP extension: YES
2025-11-08 22:33:06 - Progress: 25% - Testing ZIP archive...
2025-11-08 22:33:06 - Progress: 30% - Checking file size...
2025-11-08 22:33:06 - File validation passed - Size: 24143781 bytes
2025-11-08 22:33:06 - Progress: 40% - Getting organization info...
2025-11-08 22:33:06 - Organization: CrazyProjectsLab
2025-11-08 22:33:06 - S3 path: CrazyProjectsLab/Dustore/game-690fb7126f38b.zip
2025-11-08 22:33:06 - Progress: 50% - Preparing S3 upload...
2025-11-08 22:33:06 - Progress: 60% - Uploading to S3...
2025-11-08 22:33:06 - Starting S3 upload...
2025-11-08 22:33:25 - S3 upload successful: https://s3.regru.cloud/dustore.public.usercontent/CrazyProjectsLab/Dustore/game-690fb7126f38b.zip
2025-11-08 22:33:25 - Progress: 80% - Updating database...
2025-11-08 22:33:25 - Database updated successfully
2025-11-08 22:33:25 - Progress: 100% - Upload complete!
2025-11-08 22:33:25 - Result: SUCCESS - ZIP archive successfully uploaded
